Using pre-set license
Built from '2020.3/staging' branch; Version is '2020.3.19f1 (68f137dc9bbe) revision 6877495'; Using compiler version '192528614'; Build Type 'Release'
OS: 'Windows 10 Home Single Language; OS build 19042.1237; Version 2009; 64bit' Language: 'en' Physical Memory: 8043 MB
BatchMode: 1, IsHumanControllingUs: 0, StartBugReporterOnCrash: 0, Is64bit: 1, IsPro: 0

COMMAND LINE ARGUMENTS:
C:\Program Files\Unity\Hub\Editor\2020.3.19f1\Editor\Unity.exe
-adb2
-batchMode
-noUpm
-name
AssetImportWorker0
-projectPath
E:/Practice/Game/Incremental-Game
-logFile
Logs/AssetImportWorker0.log
-srvPort
51834
Successfully changed project path to: E:/Practice/Game/Incremental-Game
E:/Practice/Game/Incremental-Game
Using Asset Import Pipeline V2.
Refreshing native plugins compatible for Editor in 43.48 ms, found 7 plugins.
Preloading 0 native plugins for Editor in 0.00 ms.
Initialize engine version: 2020.3.19f1 (68f137dc9bbe)
[Subsystems] Discovering subsystems at path C:/Program Files/Unity/Hub/Editor/2020.3.19f1/Editor/Data/Resources/UnitySubsystems
[Subsystems] Discovering subsystems at path E:/Practice/Game/Incremental-Game/Assets
GfxDevice: creating device client; threaded=0
Direct3D:
    Version:  Direct3D 11.0 [level 11.1]
    Renderer: NVIDIA GeForce GTX 1050 Ti (ID=0x1c8c)
    Vendor:   
    VRAM:     4018 MB
    Driver:   27.21.14.6089
Initialize mono
Mono path[0] = 'C:/Program Files/Unity/Hub/Editor/2020.3.19f1/Editor/Data/Managed'
Mono path[1] = 'C:/Program Files/Unity/Hub/Editor/2020.3.19f1/Editor/Data/MonoBleedingEdge/lib/mono/unityjit'
Mono config path = 'C:/Program Files/Unity/Hub/Editor/2020.3.19f1/Editor/Data/MonoBleedingEdge/etc'
Using monoOptions --debugger-agent=transport=dt_socket,embedding=1,server=y,suspend=n,address=127.0.0.1:56800
Begin MonoManager ReloadAssembly
Registering precompiled unity dll's ...
Register platform support module: C:/Program Files/Unity/Hub/Editor/2020.3.19f1/Editor/Data/PlaybackEngines/WindowsStandaloneSupport/UnityEditor.WindowsStandalone.Extensions.dll
Registered in 0.001599 seconds.
Native extension for WindowsStandalone target not found
Refreshing native plugins compatible for Editor in 41.25 ms, found 7 plugins.
Preloading 0 native plugins for Editor in 0.00 ms.
Mono: successfully reloaded assembly
- Completed reload, in  1.664 seconds
Domain Reload Profiling:
	ReloadAssembly (1664ms)
		BeginReloadAssembly (53ms)
			ExecutionOrderSort (0ms)
			DisableScriptedObjects (0ms)
			BackupInstance (0ms)
			ReleaseScriptingObjects (0ms)
			CreateAndSetChildDomain (1ms)
		EndReloadAssembly (379ms)
			LoadAssemblies (51ms)
			RebuildTransferFunctionScriptingTraits (0ms)
			SetupTypeCache (135ms)
			ReleaseScriptCaches (0ms)
			RebuildScriptCaches (29ms)
			SetupLoadedEditorAssemblies (156ms)
				LogAssemblyErrors (0ms)
				InitializePlatformSupportModulesInManaged (3ms)
				SetLoadedEditorAssemblies (0ms)
				RefreshPlugins (41ms)
				BeforeProcessingInitializeOnLoad (12ms)
				ProcessInitializeOnLoadAttributes (73ms)
				ProcessInitializeOnLoadMethodAttributes (26ms)
				AfterProcessingInitializeOnLoad (0ms)
				EditorAssembliesLoaded (0ms)
			ExecutionOrderSort2 (0ms)
			AwakeInstancesAfterBackupRestoration (0ms)
Platform modules already initialized, skipping
Registering precompiled user dll's ...
Registered in 0.005187 seconds.
Begin MonoManager ReloadAssembly
Native extension for WindowsStandalone target not found
Refreshing native plugins compatible for Editor in 41.47 ms, found 7 plugins.
Preloading 0 native plugins for Editor in 0.00 ms.
Mono: successfully reloaded assembly
- Completed reload, in  1.045 seconds
Domain Reload Profiling:
	ReloadAssembly (1046ms)
		BeginReloadAssembly (134ms)
			ExecutionOrderSort (0ms)
			DisableScriptedObjects (4ms)
			BackupInstance (0ms)
			ReleaseScriptingObjects (0ms)
			CreateAndSetChildDomain (17ms)
		EndReloadAssembly (855ms)
			LoadAssemblies (86ms)
			RebuildTransferFunctionScriptingTraits (0ms)
			SetupTypeCache (269ms)
			ReleaseScriptCaches (0ms)
			RebuildScriptCaches (45ms)
			SetupLoadedEditorAssemblies (293ms)
				LogAssemblyErrors (0ms)
				InitializePlatformSupportModulesInManaged (3ms)
				SetLoadedEditorAssemblies (0ms)
				RefreshPlugins (42ms)
				BeforeProcessingInitializeOnLoad (68ms)
				ProcessInitializeOnLoadAttributes (163ms)
				ProcessInitializeOnLoadMethodAttributes (12ms)
				AfterProcessingInitializeOnLoad (5ms)
				EditorAssembliesLoaded (0ms)
			ExecutionOrderSort2 (0ms)
			AwakeInstancesAfterBackupRestoration (6ms)
Platform modules already initialized, skipping
========================================================================
Worker process is ready to serve import requests
Launched and connected shader compiler UnityShaderCompiler.exe after 0.03 seconds
Refreshing native plugins compatible for Editor in 0.57 ms, found 7 plugins.
Preloading 0 native plugins for Editor in 0.00 ms.
Unloading 2131 Unused Serialized files (Serialized files now loaded: 0)
System memory in use before: 94.3 MB.
System memory in use after: 94.4 MB.

Unloading 56 unused Assets to reduce memory usage. Loaded Objects now: 2553.
Total: 3.370100 ms (FindLiveObjects: 0.229400 ms CreateObjectMapping: 0.086500 ms MarkObjects: 2.987000 ms  DeleteObjects: 0.066400 ms)

AssetImportParameters requested are different than current active one (requested -> active):
  custom:framework-win-MediaFoundation: 216162199b28c13a410421893ffa2e32 -> 
  custom:video-decoder-ogg-theora: a1e56fd34408186e4bbccfd4996cb3dc -> 
  custom:container-muxer-webm: aa71ff27fc2769a1b78a27578f13a17b -> 
  custom:container-demuxer-webm: 4f35f7cbe854078d1ac9338744f61a02 -> 
  custom:container-demuxer-ogg: 62fdf1f143b41e24485cea50d1cbac27 -> 
  custom:video-encoder-webm-vp8: eb34c28f22e8b96e1ab97ce403110664 -> 
  custom:video-decoder-webm-vp8: 9c59270c3fd7afecdb556c50c9e8de78 -> 
  custom:audio-decoder-ogg-vorbis: bf7c407c2cedff20999df2af8eb42d56 -> 
  custom:audio-encoder-webm-vorbis: bf7c407c2cedff20999df2af8eb42d56 -> 
========================================================================
Received Import Request.
  path: Assets/ExternalDependencyManager/Editor/Google.IOSResolver_v1.2.166.dll
  artifactKey: Guid(0be593908d82451686bc8e5cc843a86f) Importer(815301076,1909f56bfc062723c751e8b465ee728b)
Start importing Assets/ExternalDependencyManager/Editor/Google.IOSResolver_v1.2.166.dll using Guid(0be593908d82451686bc8e5cc843a86f) Importer(815301076,1909f56bfc062723c751e8b465ee728b)  -> (artifact id: 'b25f86cfcf6f39df68a241b3f33b21d9') in 0.024816 seconds 
  Import took 0.034111 seconds .

========================================================================
Received Import Request.
  Time since last request: 7.562154 seconds.
  path: Assets/ExternalDependencyManager/Editor/Google.JarResolver_v1.2.166.dll.mdb
  artifactKey: Guid(e58587a2334449b9b86d8bee04eb89ad) Importer(815301076,1909f56bfc062723c751e8b465ee728b)
Start importing Assets/ExternalDependencyManager/Editor/Google.JarResolver_v1.2.166.dll.mdb using Guid(e58587a2334449b9b86d8bee04eb89ad) Importer(815301076,1909f56bfc062723c751e8b465ee728b)  -> (artifact id: '6eba818e8974799e19ed6d99db8df769') in 0.020139 seconds 
  Import took 0.041458 seconds .

========================================================================
Received Import Request.
  Time since last request: 9.693452 seconds.
  path: Assets/Firebase/Plugins/x86_64/FirebaseCppAnalytics.bundle
  artifactKey: Guid(35bfcced25264151bd76b628a1dfa989) Importer(815301076,1909f56bfc062723c751e8b465ee728b)
Start importing Assets/Firebase/Plugins/x86_64/FirebaseCppAnalytics.bundle using Guid(35bfcced25264151bd76b628a1dfa989) Importer(815301076,1909f56bfc062723c751e8b465ee728b)  -> (artifact id: '44534400f5297c99198fe11b16844194') in 0.007598 seconds 
  Import took 0.011848 seconds .

========================================================================
Received Prepare
Registering precompiled user dll's ...
Registered in 0.004365 seconds.
Begin MonoManager ReloadAssembly
Error: Could not load signature of Firebase.Editor.GenerateXmlFromGoogleServicesJson:OnBundleIdChanged due to: Could not load file or assembly 'Google.JarResolver, Version=1.2.0.0, Culture=neutral, PublicKeyToken=null' or one of its dependencies. assembly:Google.JarResolver, Version=1.2.0.0, Culture=neutral, PublicKeyToken=null type:<unknown type> member:(null) signature:<none>
Unloading broken assembly Assets/Firebase/Editor/Firebase.Editor.dll, this assembly can cause crashes in the runtime
Native extension for WindowsStandalone target not found
Refreshing native plugins compatible for Editor in 0.61 ms, found 7 plugins.
Preloading 0 native plugins for Editor in 0.00 ms.
System.IO.FileNotFoundException: Could not load file or assembly 'Google.JarResolver, Version=1.2.0.0, Culture=neutral, PublicKeyToken=null' or one of its dependencies.
File name: 'Google.JarResolver, Version=1.2.0.0, Culture=neutral, PublicKeyToken=null'
  at Firebase.Editor.AndroidSettingsChecker..cctor () [0x0000c] in Z:\tmp\tmp.9FxcwNnGto\firebase\app\client\unity\editor\src\AndroidAPILevelChecker.cs:37 
UnityEngine.StackTraceUtility:ExtractStackTrace ()
UnityEngine.DebugLogHandler:LogFormat (UnityEngine.LogType,UnityEngine.Object,string,object[])
UnityEngine.Logger:Log (UnityEngine.LogType,object)
UnityEngine.Debug:LogError (object)
UnityEditor.EditorAssemblies:ProcessInitializeOnLoadAttributes (System.Type[])

Mono: successfully reloaded assembly
FileNotFoundException: Could not load file or assembly 'Google.JarResolver, Version=1.2.0.0, Culture=neutral, PublicKeyToken=null' or one of its dependencies.
  at Firebase.Editor.AndroidSettingsChecker..cctor () [0x0000c] in Z:\tmp\tmp.9FxcwNnGto\firebase\app\client\unity\editor\src\AndroidAPILevelChecker.cs:37 
Rethrow as TypeInitializationException: The type initializer for 'Firebase.Editor.AndroidSettingsChecker' threw an exception.
  at (wrapper managed-to-native) System.Reflection.MonoCMethod.InternalInvoke(System.Reflection.MonoCMethod,object,object[],System.Exception&)
  at System.Reflection.MonoCMethod.InternalInvoke (System.Object obj, System.Object[] parameters) [0x00002] in <695d1cc93cca45069c528c15c9fdd749>:0 
Rethrow as TargetInvocationException: Exception has been thrown by the target of an invocation.
  at System.Reflection.MonoCMethod.InternalInvoke (System.Object obj, System.Object[] parameters) [0x00014] in <695d1cc93cca45069c528c15c9fdd749>:0 
  at System.RuntimeType.CreateInstanceMono (System.Boolean nonPublic) [0x000a8] in <695d1cc93cca45069c528c15c9fdd749>:0 
  at System.RuntimeType.CreateInstanceSlow (System.Boolean publicOnly, System.Boolean skipCheckThis, System.Boolean fillCache, System.Threading.StackCrawlMark& stackMark) [0x00009] in <695d1cc93cca45069c528c15c9fdd749>:0 
  at System.RuntimeType.CreateInstanceDefaultCtor (System.Boolean publicOnly, System.Boolean skipCheckThis, System.Boolean fillCache, System.Threading.StackCrawlMark& stackMark) [0x00027] in <695d1cc93cca45069c528c15c9fdd749>:0 
  at System.Activator.CreateInstance (System.Type type, System.Boolean nonPublic) [0x00020] in <695d1cc93cca45069c528c15c9fdd749>:0 
  at System.Activator.CreateInstance (System.Type type) [0x00000] in <695d1cc93cca45069c528c15c9fdd749>:0 
  at UnityEditor.AssetPostprocessingInternal.GetMeshProcessorsHashString () [0x00035] in <97ba64834c8f4edc84e3d8e30b04f122>:0 
UnityEngine.DebugLogHandler:Internal_LogException(Exception, Object)
UnityEngine.DebugLogHandler:LogException(Exception, Object)
UnityEngine.Logger:LogException(Exception, Object)
UnityEngine.Debug:LogException(Exception)
UnityEditor.AssetPostprocessingInternal:GetMeshProcessorsHashString()

(Filename: Z:/tmp/tmp.9FxcwNnGto/firebase/app/client/unity/editor/src/AndroidAPILevelChecker.cs Line: 37)

TypeLoadException: Could not load type of field 'Firebase.Editor.GenerateXmlFromGoogleServicesJson:<>f__mg$cache0' (17) due to: Could not load file or assembly 'Google.JarResolver, Version=1.2.0.0, Culture=neutral, PublicKeyToken=null' or one of its dependencies. assembly:Google.JarResolver, Version=1.2.0.0, Culture=neutral, PublicKeyToken=null type:<unknown type> member:(null) signature:<none>
  at (wrapper managed-to-native) System.RuntimeType.GetConstructors_native(System.RuntimeType,System.Reflection.BindingFlags)
  at System.RuntimeType.GetConstructors_internal (System.Reflection.BindingFlags bindingAttr, System.RuntimeType reflectedType) [0x00008] in <695d1cc93cca45069c528c15c9fdd749>:0 
  at System.RuntimeType.GetConstructorCandidates (System.String name, System.Reflection.BindingFlags bindingAttr, System.Reflection.CallingConventions callConv, System.Type[] types, System.Boolean allowPrefixLookup) [0x00034] in <695d1cc93cca45069c528c15c9fdd749>:0 
  at System.RuntimeType.GetConstructors (System.Reflection.BindingFlags bindingAttr) [0x00000] in <695d1cc93cca45069c528c15c9fdd749>:0 
  at System.RuntimeType.GetDefaultConstructor () [0x0002c] in <695d1cc93cca45069c528c15c9fdd749>:0 
  at System.RuntimeType.CreateInstanceMono (System.Boolean nonPublic) [0x00000] in <695d1cc93cca45069c528c15c9fdd749>:0 
  at System.RuntimeType.CreateInstanceSlow (System.Boolean publicOnly, System.Boolean skipCheckThis, System.Boolean fillCache, System.Threading.StackCrawlMark& stackMark) [0x00009] in <695d1cc93cca45069c528c15c9fdd749>:0 
  at System.RuntimeType.CreateInstanceDefaultCtor (System.Boolean publicOnly, System.Boolean skipCheckThis, System.Boolean fillCache, System.Threading.StackCrawlMark& stackMark) [0x00027] in <695d1cc93cca45069c528c15c9fdd749>:0 
  at System.Activator.CreateInstance (System.Type type, System.Boolean nonPublic) [0x00020] in <695d1cc93cca45069c528c15c9fdd749>:0 
  at System.Activator.CreateInstance (System.Type type) [0x00000] in <695d1cc93cca45069c528c15c9fdd749>:0 
  at UnityEditor.AssetPostprocessingInternal.GetMeshProcessorsHashString () [0x00035] in <97ba64834c8f4edc84e3d8e30b04f122>:0 
UnityEngine.DebugLogHandler:Internal_LogException(Exception, Object)
UnityEngine.DebugLogHandler:LogException(Exception, Object)
UnityEngine.Logger:LogException(Exception, Object)
UnityEngine.Debug:LogException(Exception)
UnityEditor.AssetPostprocessingInternal:GetMeshProcessorsHashString()

FileNotFoundException: Could not load file or assembly 'Google.JarResolver, Version=1.2.0.0, Culture=neutral, PublicKeyToken=null' or one of its dependencies.
  at Firebase.Editor.AndroidSettingsChecker..cctor () [0x0000c] in Z:\tmp\tmp.9FxcwNnGto\firebase\app\client\unity\editor\src\AndroidAPILevelChecker.cs:37 
Rethrow as TypeInitializationException: The type initializer for 'Firebase.Editor.AndroidSettingsChecker' threw an exception.
  at (wrapper managed-to-native) System.Reflection.MonoCMethod.InternalInvoke(System.Reflection.MonoCMethod,object,object[],System.Exception&)
  at System.Reflection.MonoCMethod.InternalInvoke (System.Object obj, System.Object[] parameters) [0x00002] in <695d1cc93cca45069c528c15c9fdd749>:0 
Rethrow as TargetInvocationException: Exception has been thrown by the target of an invocation.
  at System.Reflection.MonoCMethod.InternalInvoke (System.Object obj, System.Object[] parameters) [0x00014] in <695d1cc93cca45069c528c15c9fdd749>:0 
  at System.RuntimeType.CreateInstanceMono (System.Boolean nonPublic) [0x000a8] in <695d1cc93cca45069c528c15c9fdd749>:0 
  at System.RuntimeType.CreateInstanceSlow (System.Boolean publicOnly, System.Boolean skipCheckThis, System.Boolean fillCache, System.Threading.StackCrawlMark& stackMark) [0x00009] in <695d1cc93cca45069c528c15c9fdd749>:0 
  at System.RuntimeType.CreateInstanceDefaultCtor (System.Boolean publicOnly, System.Boolean skipCheckThis, System.Boolean fillCache, System.Threading.StackCrawlMark& stackMark) [0x00027] in <695d1cc93cca45069c528c15c9fdd749>:0 
  at System.Activator.CreateInstance (System.Type type, System.Boolean nonPublic) [0x00020] in <695d1cc93cca45069c528c15c9fdd749>:0 
  at System.Activator.CreateInstance (System.Type type) [0x00000] in <695d1cc93cca45069c528c15c9fdd749>:0 
  at UnityEditor.AssetPostprocessingInternal.GetTextureProcessorsHashString () [0x00035] in <97ba64834c8f4edc84e3d8e30b04f122>:0 
UnityEngine.DebugLogHandler:Internal_LogException(Exception, Object)
UnityEngine.DebugLogHandler:LogException(Exception, Object)
UnityEngine.Logger:LogException(Exception, Object)
UnityEngine.Debug:LogException(Exception)
UnityEditor.AssetPostprocessingInternal:GetTextureProcessorsHashString()

(Filename: Z:/tmp/tmp.9FxcwNnGto/firebase/app/client/unity/editor/src/AndroidAPILevelChecker.cs Line: 37)

TypeLoadException: Could not load type of field 'Firebase.Editor.GenerateXmlFromGoogleServicesJson:<>f__mg$cache0' (17) due to: Could not load file or assembly 'Google.JarResolver, Version=1.2.0.0, Culture=neutral, PublicKeyToken=null' or one of its dependencies. assembly:Google.JarResolver, Version=1.2.0.0, Culture=neutral, PublicKeyToken=null type:<unknown type> member:(null) signature:<none>
  at (wrapper managed-to-native) System.RuntimeType.GetConstructors_native(System.RuntimeType,System.Reflection.BindingFlags)
  at System.RuntimeType.GetConstructors_internal (System.Reflection.BindingFlags bindingAttr, System.RuntimeType reflectedType) [0x00008] in <695d1cc93cca45069c528c15c9fdd749>:0 
  at System.RuntimeType.GetConstructorCandidates (System.String name, System.Reflection.BindingFlags bindingAttr, System.Reflection.CallingConventions callConv, System.Type[] types, System.Boolean allowPrefixLookup) [0x00034] in <695d1cc93cca45069c528c15c9fdd749>:0 
  at System.RuntimeType.GetConstructors (System.Reflection.BindingFlags bindingAttr) [0x00000] in <695d1cc93cca45069c528c15c9fdd749>:0 
  at System.RuntimeType.GetDefaultConstructor () [0x0002c] in <695d1cc93cca45069c528c15c9fdd749>:0 
  at System.RuntimeType.CreateInstanceMono (System.Boolean nonPublic) [0x00000] in <695d1cc93cca45069c528c15c9fdd749>:0 
  at System.RuntimeType.CreateInstanceSlow (System.Boolean publicOnly, System.Boolean skipCheckThis, System.Boolean fillCache, System.Threading.StackCrawlMark& stackMark) [0x00009] in <695d1cc93cca45069c528c15c9fdd749>:0 
  at System.RuntimeType.CreateInstanceDefaultCtor (System.Boolean publicOnly, System.Boolean skipCheckThis, System.Boolean fillCache, System.Threading.StackCrawlMark& stackMark) [0x00027] in <695d1cc93cca45069c528c15c9fdd749>:0 
  at System.Activator.CreateInstance (System.Type type, System.Boolean nonPublic) [0x00020] in <695d1cc93cca45069c528c15c9fdd749>:0 
  at System.Activator.CreateInstance (System.Type type) [0x00000] in <695d1cc93cca45069c528c15c9fdd749>:0 
  at UnityEditor.AssetPostprocessingInternal.GetTextureProcessorsHashString () [0x00035] in <97ba64834c8f4edc84e3d8e30b04f122>:0 
UnityEngine.DebugLogHandler:Internal_LogException(Exception, Object)
UnityEngine.DebugLogHandler:LogException(Exception, Object)
UnityEngine.Logger:LogException(Exception, Object)
UnityEngine.Debug:LogException(Exception)
UnityEditor.AssetPostprocessingInternal:GetTextureProcessorsHashString()

FileNotFoundException: Could not load file or assembly 'Google.JarResolver, Version=1.2.0.0, Culture=neutral, PublicKeyToken=null' or one of its dependencies.
  at Firebase.Editor.AndroidSettingsChecker..cctor () [0x0000c] in Z:\tmp\tmp.9FxcwNnGto\firebase\app\client\unity\editor\src\AndroidAPILevelChecker.cs:37 
Rethrow as TypeInitializationException: The type initializer for 'Firebase.Editor.AndroidSettingsChecker' threw an exception.
  at (wrapper managed-to-native) System.Reflection.MonoCMethod.InternalInvoke(System.Reflection.MonoCMethod,object,object[],System.Exception&)
  at System.Reflection.MonoCMethod.InternalInvoke (System.Object obj, System.Object[] parameters) [0x00002] in <695d1cc93cca45069c528c15c9fdd749>:0 
Rethrow as TargetInvocationException: Exception has been thrown by the target of an invocation.
  at System.Reflection.MonoCMethod.InternalInvoke (System.Object obj, System.Object[] parameters) [0x00014] in <695d1cc93cca45069c528c15c9fdd749>:0 
  at System.RuntimeType.CreateInstanceMono (System.Boolean nonPublic) [0x000a8] in <695d1cc93cca45069c528c15c9fdd749>:0 
  at System.RuntimeType.CreateInstanceSlow (System.Boolean publicOnly, System.Boolean skipCheckThis, System.Boolean fillCache, System.Threading.StackCrawlMark& stackMark) [0x00009] in <695d1cc93cca45069c528c15c9fdd749>:0 
  at System.RuntimeType.CreateInstanceDefaultCtor (System.Boolean publicOnly, System.Boolean skipCheckThis, System.Boolean fillCache, System.Threading.StackCrawlMark& stackMark) [0x00027] in <695d1cc93cca45069c528c15c9fdd749>:0 
  at System.Activator.CreateInstance (System.Type type, System.Boolean nonPublic) [0x00020] in <695d1cc93cca45069c528c15c9fdd749>:0 
  at System.Activator.CreateInstance (System.Type type) [0x00000] in <695d1cc93cca45069c528c15c9fdd749>:0 
  at UnityEditor.AssetPostprocessingInternal.GetAudioProcessorsHashString () [0x00035] in <97ba64834c8f4edc84e3d8e30b04f122>:0 
UnityEngine.DebugLogHandler:Internal_LogException(Exception, Object)
UnityEngine.DebugLogHandler:LogException(Exception, Object)
UnityEngine.Logger:LogException(Exception, Object)
UnityEngine.Debug:LogException(Exception)
UnityEditor.AssetPostprocessingInternal:GetAudioProcessorsHashString()

(Filename: Z:/tmp/tmp.9FxcwNnGto/firebase/app/client/unity/editor/src/AndroidAPILevelChecker.cs Line: 37)

TypeLoadException: Could not load type of field 'Firebase.Editor.GenerateXmlFromGoogleServicesJson:<>f__mg$cache0' (17) due to: Could not load file or assembly 'Google.JarResolver, Version=1.2.0.0, Culture=neutral, PublicKeyToken=null' or one of its dependencies. assembly:Google.JarResolver, Version=1.2.0.0, Culture=neutral, PublicKeyToken=null type:<unknown type> member:(null) signature:<none>
  at (wrapper managed-to-native) System.RuntimeType.GetConstructors_native(System.RuntimeType,System.Reflection.BindingFlags)
  at System.RuntimeType.GetConstructors_internal (System.Reflection.BindingFlags bindingAttr, System.RuntimeType reflectedType) [0x00008] in <695d1cc93cca45069c528c15c9fdd749>:0 
  at System.RuntimeType.GetConstructorCandidates (System.String name, System.Reflection.BindingFlags bindingAttr, System.Reflection.CallingConventions callConv, System.Type[] types, System.Boolean allowPrefixLookup) [0x00034] in <695d1cc93cca45069c528c15c9fdd749>:0 
  at System.RuntimeType.GetConstructors (System.Reflection.BindingFlags bindingAttr) [0x00000] in <695d1cc93cca45069c528c15c9fdd749>:0 
  at System.RuntimeType.GetDefaultConstructor () [0x0002c] in <695d1cc93cca45069c528c15c9fdd749>:0 
  at System.RuntimeType.CreateInstanceMono (System.Boolean nonPublic) [0x00000] in <695d1cc93cca45069c528c15c9fdd749>:0 
  at System.RuntimeType.CreateInstanceSlow (System.Boolean publicOnly, System.Boolean skipCheckThis, System.Boolean fillCache, System.Threading.StackCrawlMark& stackMark) [0x00009] in <695d1cc93cca45069c528c15c9fdd749>:0 
  at System.RuntimeType.CreateInstanceDefaultCtor (System.Boolean publicOnly, System.Boolean skipCheckThis, System.Boolean fillCache, System.Threading.StackCrawlMark& stackMark) [0x00027] in <695d1cc93cca45069c528c15c9fdd749>:0 
  at System.Activator.CreateInstance (System.Type type, System.Boolean nonPublic) [0x00020] in <695d1cc93cca45069c528c15c9fdd749>:0 
  at System.Activator.CreateInstance (System.Type type) [0x00000] in <695d1cc93cca45069c528c15c9fdd749>:0 
  at UnityEditor.AssetPostprocessingInternal.GetAudioProcessorsHashString () [0x00035] in <97ba64834c8f4edc84e3d8e30b04f122>:0 
UnityEngine.DebugLogHandler:Internal_LogException(Exception, Object)
UnityEngine.DebugLogHandler:LogException(Exception, Object)
UnityEngine.Logger:LogException(Exception, Object)
UnityEngine.Debug:LogException(Exception)
UnityEditor.AssetPostprocessingInternal:GetAudioProcessorsHashString()

FileNotFoundException: Could not load file or assembly 'Google.JarResolver, Version=1.2.0.0, Culture=neutral, PublicKeyToken=null' or one of its dependencies.
  at Firebase.Editor.AndroidSettingsChecker..cctor () [0x0000c] in Z:\tmp\tmp.9FxcwNnGto\firebase\app\client\unity\editor\src\AndroidAPILevelChecker.cs:37 
Rethrow as TypeInitializationException: The type initializer for 'Firebase.Editor.AndroidSettingsChecker' threw an exception.
  at (wrapper managed-to-native) System.Reflection.MonoCMethod.InternalInvoke(System.Reflection.MonoCMethod,object,object[],System.Exception&)
  at System.Reflection.MonoCMethod.InternalInvoke (System.Object obj, System.Object[] parameters) [0x00002] in <695d1cc93cca45069c528c15c9fdd749>:0 
Rethrow as TargetInvocationException: Exception has been thrown by the target of an invocation.
  at System.Reflection.MonoCMethod.InternalInvoke (System.Object obj, System.Object[] parameters) [0x00014] in <695d1cc93cca45069c528c15c9fdd749>:0 
  at System.RuntimeType.CreateInstanceMono (System.Boolean nonPublic) [0x000a8] in <695d1cc93cca45069c528c15c9fdd749>:0 
  at System.RuntimeType.CreateInstanceSlow (System.Boolean publicOnly, System.Boolean skipCheckThis, System.Boolean fillCache, System.Threading.StackCrawlMark& stackMark) [0x00009] in <695d1cc93cca45069c528c15c9fdd749>:0 
  at System.RuntimeType.CreateInstanceDefaultCtor (System.Boolean publicOnly, System.Boolean skipCheckThis, System.Boolean fillCache, System.Threading.StackCrawlMark& stackMark) [0x00027] in <695d1cc93cca45069c528c15c9fdd749>:0 
  at System.Activator.CreateInstance (System.Type type, System.Boolean nonPublic) [0x00020] in <695d1cc93cca45069c528c15c9fdd749>:0 
  at System.Activator.CreateInstance (System.Type type) [0x00000] in <695d1cc93cca45069c528c15c9fdd749>:0 
  at UnityEditor.AssetPostprocessingInternal.GetSpeedTreeProcessorsHashString () [0x00035] in <97ba64834c8f4edc84e3d8e30b04f122>:0 
UnityEngine.DebugLogHandler:Internal_LogException(Exception, Object)
UnityEngine.DebugLogHandler:LogException(Exception, Object)
UnityEngine.Logger:LogException(Exception, Object)
UnityEngine.Debug:LogException(Exception)
UnityEditor.AssetPostprocessingInternal:GetSpeedTreeProcessorsHashString()

(Filename: Z:/tmp/tmp.9FxcwNnGto/firebase/app/client/unity/editor/src/AndroidAPILevelChecker.cs Line: 37)

TypeLoadException: Could not load type of field 'Firebase.Editor.GenerateXmlFromGoogleServicesJson:<>f__mg$cache0' (17) due to: Could not load file or assembly 'Google.JarResolver, Version=1.2.0.0, Culture=neutral, PublicKeyToken=null' or one of its dependencies. assembly:Google.JarResolver, Version=1.2.0.0, Culture=neutral, PublicKeyToken=null type:<unknown type> member:(null) signature:<none>
  at (wrapper managed-to-native) System.RuntimeType.GetConstructors_native(System.RuntimeType,System.Reflection.BindingFlags)
  at System.RuntimeType.GetConstructors_internal (System.Reflection.BindingFlags bindingAttr, System.RuntimeType reflectedType) [0x00008] in <695d1cc93cca45069c528c15c9fdd749>:0 
  at System.RuntimeType.GetConstructorCandidates (System.String name, System.Reflection.BindingFlags bindingAttr, System.Reflection.CallingConventions callConv, System.Type[] types, System.Boolean allowPrefixLookup) [0x00034] in <695d1cc93cca45069c528c15c9fdd749>:0 
  at System.RuntimeType.GetConstructors (System.Reflection.BindingFlags bindingAttr) [0x00000] in <695d1cc93cca45069c528c15c9fdd749>:0 
  at System.RuntimeType.GetDefaultConstructor () [0x0002c] in <695d1cc93cca45069c528c15c9fdd749>:0 
  at System.RuntimeType.CreateInstanceMono (System.Boolean nonPublic) [0x00000] in <695d1cc93cca45069c528c15c9fdd749>:0 
  at System.RuntimeType.CreateInstanceSlow (System.Boolean publicOnly, System.Boolean skipCheckThis, System.Boolean fillCache, System.Threading.StackCrawlMark& stackMark) [0x00009] in <695d1cc93cca45069c528c15c9fdd749>:0 
  at System.RuntimeType.CreateInstanceDefaultCtor (System.Boolean publicOnly, System.Boolean skipCheckThis, System.Boolean fillCache, System.Threading.StackCrawlMark& stackMark) [0x00027] in <695d1cc93cca45069c528c15c9fdd749>:0 
  at System.Activator.CreateInstance (System.Type type, System.Boolean nonPublic) [0x00020] in <695d1cc93cca45069c528c15c9fdd749>:0 
  at System.Activator.CreateInstance (System.Type type) [0x00000] in <695d1cc93cca45069c528c15c9fdd749>:0 
  at UnityEditor.AssetPostprocessingInternal.GetSpeedTreeProcessorsHashString () [0x00035] in <97ba64834c8f4edc84e3d8e30b04f122>:0 
UnityEngine.DebugLogHandler:Internal_LogException(Exception, Object)
UnityEngine.DebugLogHandler:LogException(Exception, Object)
UnityEngine.Logger:LogException(Exception, Object)
UnityEngine.Debug:LogException(Exception)
UnityEditor.AssetPostprocessingInternal:GetSpeedTreeProcessorsHashString()

FileNotFoundException: Could not load file or assembly 'Google.JarResolver, Version=1.2.0.0, Culture=neutral, PublicKeyToken=null' or one of its dependencies.
  at Firebase.Editor.AndroidSettingsChecker..cctor () [0x0000c] in Z:\tmp\tmp.9FxcwNnGto\firebase\app\client\unity\editor\src\AndroidAPILevelChecker.cs:37 
Rethrow as TypeInitializationException: The type initializer for 'Firebase.Editor.AndroidSettingsChecker' threw an exception.
  at (wrapper managed-to-native) System.Reflection.MonoCMethod.InternalInvoke(System.Reflection.MonoCMethod,object,object[],System.Exception&)
  at System.Reflection.MonoCMethod.InternalInvoke (System.Object obj, System.Object[] parameters) [0x00002] in <695d1cc93cca45069c528c15c9fdd749>:0 
Rethrow as TargetInvocationException: Exception has been thrown by the target of an invocation.
  at System.Reflection.MonoCMethod.InternalInvoke (System.Object obj, System.Object[] parameters) [0x00014] in <695d1cc93cca45069c528c15c9fdd749>:0 
  at System.RuntimeType.CreateInstanceMono (System.Boolean nonPublic) [0x000a8] in <695d1cc93cca45069c528c15c9fdd749>:0 
  at System.RuntimeType.CreateInstanceSlow (System.Boolean publicOnly, System.Boolean skipCheckThis, System.Boolean fillCache, System.Threading.StackCrawlMark& stackMark) [0x00009] in <695d1cc93cca45069c528c15c9fdd749>:0 
  at System.RuntimeType.CreateInstanceDefaultCtor (System.Boolean publicOnly, System.Boolean skipCheckThis, System.Boolean fillCache, System.Threading.StackCrawlMark& stackMark) [0x00027] in <695d1cc93cca45069c528c15c9fdd749>:0 
  at System.Activator.CreateInstance (System.Type type, System.Boolean nonPublic) [0x00020] in <695d1cc93cca45069c528c15c9fdd749>:0 
  at System.Activator.CreateInstance (System.Type type) [0x00000] in <695d1cc93cca45069c528c15c9fdd749>:0 
  at UnityEditor.AssetPostprocessingInternal.GetPrefabProcessorsHashString () [0x00035] in <97ba64834c8f4edc84e3d8e30b04f122>:0 
UnityEngine.DebugLogHandler:Internal_LogException(Exception, Object)
UnityEngine.DebugLogHandler:LogException(Exception, Object)
UnityEngine.Logger:LogException(Exception, Object)
UnityEngine.Debug:LogException(Exception)
UnityEditor.AssetPostprocessingInternal:GetPrefabProcessorsHashString()

(Filename: Z:/tmp/tmp.9FxcwNnGto/firebase/app/client/unity/editor/src/AndroidAPILevelChecker.cs Line: 37)

TypeLoadException: Could not load type of field 'Firebase.Editor.GenerateXmlFromGoogleServicesJson:<>f__mg$cache0' (17) due to: Could not load file or assembly 'Google.JarResolver, Version=1.2.0.0, Culture=neutral, PublicKeyToken=null' or one of its dependencies. assembly:Google.JarResolver, Version=1.2.0.0, Culture=neutral, PublicKeyToken=null type:<unknown type> member:(null) signature:<none>
  at (wrapper managed-to-native) System.RuntimeType.GetConstructors_native(System.RuntimeType,System.Reflection.BindingFlags)
  at System.RuntimeType.GetConstructors_internal (System.Reflection.BindingFlags bindingAttr, System.RuntimeType reflectedType) [0x00008] in <695d1cc93cca45069c528c15c9fdd749>:0 
  at System.RuntimeType.GetConstructorCandidates (System.String name, System.Reflection.BindingFlags bindingAttr, System.Reflection.CallingConventions callConv, System.Type[] types, System.Boolean allowPrefixLookup) [0x00034] in <695d1cc93cca45069c528c15c9fdd749>:0 
  at System.RuntimeType.GetConstructors (System.Reflection.BindingFlags bindingAttr) [0x00000] in <695d1cc93cca45069c528c15c9fdd749>:0 
  at System.RuntimeType.GetDefaultConstructor () [0x0002c] in <695d1cc93cca45069c528c15c9fdd749>:0 
  at System.RuntimeType.CreateInstanceMono (System.Boolean nonPublic) [0x00000] in <695d1cc93cca45069c528c15c9fdd749>:0 
  at System.RuntimeType.CreateInstanceSlow (System.Boolean publicOnly, System.Boolean skipCheckThis, System.Boolean fillCache, System.Threading.StackCrawlMark& stackMark) [0x00009] in <695d1cc93cca45069c528c15c9fdd749>:0 
  at System.RuntimeType.CreateInstanceDefaultCtor (System.Boolean publicOnly, System.Boolean skipCheckThis, System.Boolean fillCache, System.Threading.StackCrawlMark& stackMark) [0x00027] in <695d1cc93cca45069c528c15c9fdd749>:0 
  at System.Activator.CreateInstance (System.Type type, System.Boolean nonPublic) [0x00020] in <695d1cc93cca45069c528c15c9fdd749>:0 
  at System.Activator.CreateInstance (System.Type type) [0x00000] in <695d1cc93cca45069c528c15c9fdd749>:0 
  at UnityEditor.AssetPostprocessingInternal.GetPrefabProcessorsHashString () [0x00035] in <97ba64834c8f4edc84e3d8e30b04f122>:0 
UnityEngine.DebugLogHandler:Internal_LogException(Exception, Object)
UnityEngine.DebugLogHandler:LogException(Exception, Object)
UnityEngine.Logger:LogException(Exception, Object)
UnityEngine.Debug:LogException(Exception)
UnityEditor.AssetPostprocessingInternal:GetPrefabProcessorsHashString()

- Completed reload, in  0.987 seconds
Domain Reload Profiling:
	ReloadAssembly (988ms)
		BeginReloadAssembly (131ms)
			ExecutionOrderSort (0ms)
			DisableScriptedObjects (6ms)
			BackupInstance (0ms)
			ReleaseScriptingObjects (0ms)
			CreateAndSetChildDomain (45ms)
		EndReloadAssembly (797ms)
			LoadAssemblies (98ms)
			RebuildTransferFunctionScriptingTraits (0ms)
			SetupTypeCache (274ms)
			ReleaseScriptCaches (1ms)
			RebuildScriptCaches (40ms)
			SetupLoadedEditorAssemblies (262ms)
				LogAssemblyErrors (0ms)
				InitializePlatformSupportModulesInManaged (4ms)
				SetLoadedEditorAssemblies (0ms)
				RefreshPlugins (1ms)
				BeforeProcessingInitializeOnLoad (73ms)
				ProcessInitializeOnLoadAttributes (173ms)
				ProcessInitializeOnLoadMethodAttributes (5ms)
				AfterProcessingInitializeOnLoad (5ms)
				EditorAssembliesLoaded (0ms)
			ExecutionOrderSort2 (0ms)
			AwakeInstancesAfterBackupRestoration (10ms)
Platform modules already initialized, skipping
Switching build target platform(19) subTarget(0) extendedPlatform(0) -> platform(13) subTarget(537395200) extendedPlatform(0)
Refreshing native plugins compatible for Editor in 0.58 ms, found 7 plugins.
Preloading 0 native plugins for Editor in 0.00 ms.
Unloading 2119 Unused Serialized files (Serialized files now loaded: 0)
System memory in use before: 93.8 MB.
System memory in use after: 93.9 MB.

Unloading 39 unused Assets to reduce memory usage. Loaded Objects now: 2556.
Total: 3.183500 ms (FindLiveObjects: 0.201700 ms CreateObjectMapping: 0.105500 ms MarkObjects: 2.854200 ms  DeleteObjects: 0.021200 ms)

AssetImportParameters requested are different than current active one (requested -> active):
  custom:framework-win-MediaFoundation: 216162199b28c13a410421893ffa2e32 -> 
  custom:video-decoder-ogg-theora: a1e56fd34408186e4bbccfd4996cb3dc -> 
  custom:container-muxer-webm: aa71ff27fc2769a1b78a27578f13a17b -> 
  custom:container-demuxer-webm: 4f35f7cbe854078d1ac9338744f61a02 -> 
  custom:container-demuxer-ogg: 62fdf1f143b41e24485cea50d1cbac27 -> 
  custom:video-encoder-webm-vp8: eb34c28f22e8b96e1ab97ce403110664 -> 
  custom:video-decoder-webm-vp8: 9c59270c3fd7afecdb556c50c9e8de78 -> 
  custom:graphics/normal-map-encoding: 01000000000000000000000000000000 -> 02000000000000000000000000000000
  custom:audio-decoder-ogg-vorbis: bf7c407c2cedff20999df2af8eb42d56 -> 
  custom:audio-encoder-webm-vorbis: bf7c407c2cedff20999df2af8eb42d56 -> 
========================================================================
Received Import Request.
  Time since last request: 95.120822 seconds.
  path: Assets/Plugins/Android
  artifactKey: Guid(db6f1dc903579e34486acde4b6d7528d) Importer(815301076,1909f56bfc062723c751e8b465ee728b)
Start importing Assets/Plugins/Android using Guid(db6f1dc903579e34486acde4b6d7528d) Importer(815301076,1909f56bfc062723c751e8b465ee728b)  -> (artifact id: 'ff773bcdbf832b628df35c3d2f959809') in 0.008959 seconds 
  Import took 0.012394 seconds .

========================================================================
Received Import Request.
  Time since last request: 0.594888 seconds.
  path: Assets/Plugins/Android/FirebaseApp.androidlib
  artifactKey: Guid(cae9d75cd829b2e46bece7e85ea9e256) Importer(815301076,1909f56bfc062723c751e8b465ee728b)
Start importing Assets/Plugins/Android/FirebaseApp.androidlib using Guid(cae9d75cd829b2e46bece7e85ea9e256) Importer(815301076,1909f56bfc062723c751e8b465ee728b)  -> (artifact id: 'b5fb61656bdc2a915ce74f643a664aed') in 0.005307 seconds 
  Import took 0.009406 seconds .

========================================================================
Received Import Request.
  Time since last request: 0.892418 seconds.
  path: Assets/Plugins/Android/FirebaseApp.androidlib/res
  artifactKey: Guid(b4e1d353c43eb144fba6a5a33e5c3a81) Importer(815301076,1909f56bfc062723c751e8b465ee728b)
Start importing Assets/Plugins/Android/FirebaseApp.androidlib/res using Guid(b4e1d353c43eb144fba6a5a33e5c3a81) Importer(815301076,1909f56bfc062723c751e8b465ee728b)  -> (artifact id: 'bb426f7ca480739474a0cf42b0bf3b22') in 0.007234 seconds 
  Import took 0.026547 seconds .

========================================================================
Received Prepare
Registering precompiled user dll's ...
Registered in 0.005000 seconds.
Begin MonoManager ReloadAssembly
Native extension for WindowsStandalone target not found
Refreshing native plugins compatible for Editor in 0.60 ms, found 3 plugins.
Preloading 0 native plugins for Editor in 0.00 ms.
Mono: successfully reloaded assembly
- Completed reload, in  0.987 seconds
Domain Reload Profiling:
	ReloadAssembly (987ms)
		BeginReloadAssembly (124ms)
			ExecutionOrderSort (0ms)
			DisableScriptedObjects (7ms)
			BackupInstance (0ms)
			ReleaseScriptingObjects (0ms)
			CreateAndSetChildDomain (33ms)
		EndReloadAssembly (793ms)
			LoadAssemblies (94ms)
			RebuildTransferFunctionScriptingTraits (0ms)
			SetupTypeCache (271ms)
			ReleaseScriptCaches (1ms)
			RebuildScriptCaches (38ms)
			SetupLoadedEditorAssemblies (278ms)
				LogAssemblyErrors (0ms)
				InitializePlatformSupportModulesInManaged (4ms)
				SetLoadedEditorAssemblies (0ms)
				RefreshPlugins (1ms)
				BeforeProcessingInitializeOnLoad (80ms)
				ProcessInitializeOnLoadAttributes (181ms)
				ProcessInitializeOnLoadMethodAttributes (5ms)
				AfterProcessingInitializeOnLoad (5ms)
				EditorAssembliesLoaded (0ms)
			ExecutionOrderSort2 (0ms)
			AwakeInstancesAfterBackupRestoration (10ms)
Platform modules already initialized, skipping
Switching build target platform(19) subTarget(0) extendedPlatform(0) -> platform(13) subTarget(537395200) extendedPlatform(0)
Refreshing native plugins compatible for Editor in 0.53 ms, found 3 plugins.
Preloading 0 native plugins for Editor in 0.00 ms.
Unloading 2111 Unused Serialized files (Serialized files now loaded: 0)
System memory in use before: 93.6 MB.
System memory in use after: 93.7 MB.

Unloading 31 unused Assets to reduce memory usage. Loaded Objects now: 2559.
Total: 3.406900 ms (FindLiveObjects: 0.220500 ms CreateObjectMapping: 0.077900 ms MarkObjects: 3.066000 ms  DeleteObjects: 0.041600 ms)

AssetImportParameters requested are different than current active one (requested -> active):
  custom:framework-win-MediaFoundation: 216162199b28c13a410421893ffa2e32 -> 
  custom:video-decoder-ogg-theora: a1e56fd34408186e4bbccfd4996cb3dc -> 
  custom:container-muxer-webm: aa71ff27fc2769a1b78a27578f13a17b -> 
  custom:container-demuxer-webm: 4f35f7cbe854078d1ac9338744f61a02 -> 
  custom:container-demuxer-ogg: 62fdf1f143b41e24485cea50d1cbac27 -> 
  custom:video-encoder-webm-vp8: eb34c28f22e8b96e1ab97ce403110664 -> 
  custom:video-decoder-webm-vp8: 9c59270c3fd7afecdb556c50c9e8de78 -> 
  custom:graphics/normal-map-encoding: 01000000000000000000000000000000 -> 02000000000000000000000000000000
  custom:audio-decoder-ogg-vorbis: bf7c407c2cedff20999df2af8eb42d56 -> 
  custom:audio-encoder-webm-vorbis: bf7c407c2cedff20999df2af8eb42d56 -> 
========================================================================
Received Prepare
Registering precompiled user dll's ...
Registered in 0.004679 seconds.
Begin MonoManager ReloadAssembly
Native extension for WindowsStandalone target not found
Refreshing native plugins compatible for Editor in 0.51 ms, found 3 plugins.
Preloading 0 native plugins for Editor in 0.00 ms.
Mono: successfully reloaded assembly
- Completed reload, in  0.977 seconds
Domain Reload Profiling:
	ReloadAssembly (977ms)
		BeginReloadAssembly (110ms)
			ExecutionOrderSort (0ms)
			DisableScriptedObjects (6ms)
			BackupInstance (0ms)
			ReleaseScriptingObjects (0ms)
			CreateAndSetChildDomain (34ms)
		EndReloadAssembly (805ms)
			LoadAssemblies (89ms)
			RebuildTransferFunctionScriptingTraits (0ms)
			SetupTypeCache (277ms)
			ReleaseScriptCaches (1ms)
			RebuildScriptCaches (40ms)
			SetupLoadedEditorAssemblies (292ms)
				LogAssemblyErrors (0ms)
				InitializePlatformSupportModulesInManaged (4ms)
				SetLoadedEditorAssemblies (0ms)
				RefreshPlugins (1ms)
				BeforeProcessingInitializeOnLoad (77ms)
				ProcessInitializeOnLoadAttributes (199ms)
				ProcessInitializeOnLoadMethodAttributes (6ms)
				AfterProcessingInitializeOnLoad (5ms)
				EditorAssembliesLoaded (0ms)
			ExecutionOrderSort2 (0ms)
			AwakeInstancesAfterBackupRestoration (10ms)
Platform modules already initialized, skipping
Switching build target platform(19) subTarget(0) extendedPlatform(0) -> platform(13) subTarget(537395200) extendedPlatform(0)
Refreshing native plugins compatible for Editor in 0.55 ms, found 3 plugins.
Preloading 0 native plugins for Editor in 0.00 ms.
Unloading 2111 Unused Serialized files (Serialized files now loaded: 0)
System memory in use before: 93.6 MB.
System memory in use after: 93.7 MB.

Unloading 31 unused Assets to reduce memory usage. Loaded Objects now: 2562.
Total: 3.352200 ms (FindLiveObjects: 0.232200 ms CreateObjectMapping: 0.080800 ms MarkObjects: 3.013400 ms  DeleteObjects: 0.024800 ms)

AssetImportParameters requested are different than current active one (requested -> active):
  custom:framework-win-MediaFoundation: 216162199b28c13a410421893ffa2e32 -> 
  custom:video-decoder-ogg-theora: a1e56fd34408186e4bbccfd4996cb3dc -> 
  custom:container-muxer-webm: aa71ff27fc2769a1b78a27578f13a17b -> 
  custom:container-demuxer-webm: 4f35f7cbe854078d1ac9338744f61a02 -> 
  custom:container-demuxer-ogg: 62fdf1f143b41e24485cea50d1cbac27 -> 
  custom:video-encoder-webm-vp8: eb34c28f22e8b96e1ab97ce403110664 -> 
  custom:video-decoder-webm-vp8: 9c59270c3fd7afecdb556c50c9e8de78 -> 
  custom:graphics/normal-map-encoding: 01000000000000000000000000000000 -> 02000000000000000000000000000000
  custom:audio-decoder-ogg-vorbis: bf7c407c2cedff20999df2af8eb42d56 -> 
  custom:audio-encoder-webm-vorbis: bf7c407c2cedff20999df2af8eb42d56 -> 
========================================================================
Received Prepare
Registering precompiled user dll's ...
Registered in 0.005526 seconds.
Begin MonoManager ReloadAssembly
Native extension for WindowsStandalone target not found
Refreshing native plugins compatible for Editor in 0.51 ms, found 3 plugins.
Preloading 0 native plugins for Editor in 0.00 ms.
Mono: successfully reloaded assembly
- Completed reload, in  1.056 seconds
Domain Reload Profiling:
	ReloadAssembly (1057ms)
		BeginReloadAssembly (104ms)
			ExecutionOrderSort (0ms)
			DisableScriptedObjects (6ms)
			BackupInstance (0ms)
			ReleaseScriptingObjects (0ms)
			CreateAndSetChildDomain (32ms)
		EndReloadAssembly (896ms)
			LoadAssemblies (90ms)
			RebuildTransferFunctionScriptingTraits (0ms)
			SetupTypeCache (266ms)
			ReleaseScriptCaches (1ms)
			RebuildScriptCaches (41ms)
			SetupLoadedEditorAssemblies (382ms)
				LogAssemblyErrors (0ms)
				InitializePlatformSupportModulesInManaged (4ms)
				SetLoadedEditorAssemblies (0ms)
				RefreshPlugins (1ms)
				BeforeProcessingInitializeOnLoad (74ms)
				ProcessInitializeOnLoadAttributes (292ms)
				ProcessInitializeOnLoadMethodAttributes (6ms)
				AfterProcessingInitializeOnLoad (5ms)
				EditorAssembliesLoaded (0ms)
			ExecutionOrderSort2 (0ms)
			AwakeInstancesAfterBackupRestoration (10ms)
Platform modules already initialized, skipping
Switching build target platform(19) subTarget(0) extendedPlatform(0) -> platform(13) subTarget(537395200) extendedPlatform(0)
Refreshing native plugins compatible for Editor in 0.51 ms, found 3 plugins.
Preloading 0 native plugins for Editor in 0.00 ms.
Unloading 2150 Unused Serialized files (Serialized files now loaded: 0)
System memory in use before: 94.6 MB.
System memory in use after: 94.8 MB.

Unloading 70 unused Assets to reduce memory usage. Loaded Objects now: 2565.
Total: 3.513300 ms (FindLiveObjects: 0.204800 ms CreateObjectMapping: 0.071900 ms MarkObjects: 3.205400 ms  DeleteObjects: 0.030300 ms)

AssetImportParameters requested are different than current active one (requested -> active):
  custom:framework-win-MediaFoundation: 216162199b28c13a410421893ffa2e32 -> 
  custom:video-decoder-ogg-theora: a1e56fd34408186e4bbccfd4996cb3dc -> 
  custom:container-muxer-webm: aa71ff27fc2769a1b78a27578f13a17b -> 
  custom:container-demuxer-webm: 4f35f7cbe854078d1ac9338744f61a02 -> 
  custom:container-demuxer-ogg: 62fdf1f143b41e24485cea50d1cbac27 -> 
  custom:video-encoder-webm-vp8: eb34c28f22e8b96e1ab97ce403110664 -> 
  custom:video-decoder-webm-vp8: 9c59270c3fd7afecdb556c50c9e8de78 -> 
  custom:graphics/normal-map-encoding: 01000000000000000000000000000000 -> 02000000000000000000000000000000
  custom:audio-decoder-ogg-vorbis: bf7c407c2cedff20999df2af8eb42d56 -> 
  custom:audio-encoder-webm-vorbis: bf7c407c2cedff20999df2af8eb42d56 -> 
========================================================================
Received Prepare
Registering precompiled user dll's ...
Registered in 0.005311 seconds.
Begin MonoManager ReloadAssembly
Native extension for WindowsStandalone target not found
Refreshing native plugins compatible for Editor in 0.60 ms, found 6 plugins.
Preloading 0 native plugins for Editor in 0.00 ms.
Mono: successfully reloaded assembly
- Completed reload, in  1.629 seconds
Domain Reload Profiling:
	ReloadAssembly (1630ms)
		BeginReloadAssembly (110ms)
			ExecutionOrderSort (0ms)
			DisableScriptedObjects (6ms)
			BackupInstance (0ms)
			ReleaseScriptingObjects (0ms)
			CreateAndSetChildDomain (36ms)
		EndReloadAssembly (1463ms)
			LoadAssemblies (716ms)
			RebuildTransferFunctionScriptingTraits (0ms)
			SetupTypeCache (279ms)
			ReleaseScriptCaches (1ms)
			RebuildScriptCaches (39ms)
			SetupLoadedEditorAssemblies (302ms)
				LogAssemblyErrors (0ms)
				InitializePlatformSupportModulesInManaged (4ms)
				SetLoadedEditorAssemblies (0ms)
				RefreshPlugins (1ms)
				BeforeProcessingInitializeOnLoad (77ms)
				ProcessInitializeOnLoadAttributes (209ms)
				ProcessInitializeOnLoadMethodAttributes (5ms)
				AfterProcessingInitializeOnLoad (5ms)
				EditorAssembliesLoaded (0ms)
			ExecutionOrderSort2 (0ms)
			AwakeInstancesAfterBackupRestoration (10ms)
Platform modules already initialized, skipping
Switching build target platform(19) subTarget(0) extendedPlatform(0) -> platform(13) subTarget(537395200) extendedPlatform(0)
Refreshing native plugins compatible for Editor in 0.59 ms, found 6 plugins.
Preloading 0 native plugins for Editor in 0.00 ms.
Unloading 2121 Unused Serialized files (Serialized files now loaded: 0)
System memory in use before: 94.1 MB.
System memory in use after: 94.2 MB.

Unloading 41 unused Assets to reduce memory usage. Loaded Objects now: 2568.
Total: 3.411500 ms (FindLiveObjects: 0.299800 ms CreateObjectMapping: 0.093900 ms MarkObjects: 2.992700 ms  DeleteObjects: 0.023900 ms)

AssetImportParameters requested are different than current active one (requested -> active):
  custom:framework-win-MediaFoundation: 216162199b28c13a410421893ffa2e32 -> 
  custom:video-decoder-ogg-theora: a1e56fd34408186e4bbccfd4996cb3dc -> 
  custom:container-muxer-webm: aa71ff27fc2769a1b78a27578f13a17b -> 
  custom:container-demuxer-webm: 4f35f7cbe854078d1ac9338744f61a02 -> 
  custom:container-demuxer-ogg: 62fdf1f143b41e24485cea50d1cbac27 -> 
  custom:video-encoder-webm-vp8: eb34c28f22e8b96e1ab97ce403110664 -> 
  custom:video-decoder-webm-vp8: 9c59270c3fd7afecdb556c50c9e8de78 -> 
  custom:graphics/normal-map-encoding: 01000000000000000000000000000000 -> 02000000000000000000000000000000
  custom:audio-decoder-ogg-vorbis: bf7c407c2cedff20999df2af8eb42d56 -> 
  custom:audio-encoder-webm-vorbis: bf7c407c2cedff20999df2af8eb42d56 -> 
========================================================================
Received Prepare
Registering precompiled user dll's ...
Registered in 0.006135 seconds.
Begin MonoManager ReloadAssembly
Native extension for WindowsStandalone target not found
Refreshing native plugins compatible for Editor in 0.72 ms, found 6 plugins.
Preloading 0 native plugins for Editor in 0.00 ms.
Mono: successfully reloaded assembly
- Completed reload, in  1.092 seconds
Domain Reload Profiling:
	ReloadAssembly (1093ms)
		BeginReloadAssembly (100ms)
			ExecutionOrderSort (0ms)
			DisableScriptedObjects (6ms)
			BackupInstance (0ms)
			ReleaseScriptingObjects (0ms)
			CreateAndSetChildDomain (31ms)
		EndReloadAssembly (938ms)
			LoadAssemblies (84ms)
			RebuildTransferFunctionScriptingTraits (0ms)
			SetupTypeCache (288ms)
			ReleaseScriptCaches (1ms)
			RebuildScriptCaches (39ms)
			SetupLoadedEditorAssemblies (400ms)
				LogAssemblyErrors (0ms)
				InitializePlatformSupportModulesInManaged (4ms)
				SetLoadedEditorAssemblies (0ms)
				RefreshPlugins (1ms)
				BeforeProcessingInitializeOnLoad (79ms)
				ProcessInitializeOnLoadAttributes (306ms)
				ProcessInitializeOnLoadMethodAttributes (5ms)
				AfterProcessingInitializeOnLoad (5ms)
				EditorAssembliesLoaded (0ms)
			ExecutionOrderSort2 (0ms)
			AwakeInstancesAfterBackupRestoration (10ms)
Platform modules already initialized, skipping
Switching build target platform(19) subTarget(0) extendedPlatform(0) -> platform(13) subTarget(537395200) extendedPlatform(0)
Refreshing native plugins compatible for Editor in 0.81 ms, found 6 plugins.
Preloading 0 native plugins for Editor in 0.00 ms.
Unloading 2160 Unused Serialized files (Serialized files now loaded: 0)
System memory in use before: 95.0 MB.
System memory in use after: 95.1 MB.

Unloading 80 unused Assets to reduce memory usage. Loaded Objects now: 2571.
Total: 6.125500 ms (FindLiveObjects: 0.445100 ms CreateObjectMapping: 0.185700 ms MarkObjects: 5.433800 ms  DeleteObjects: 0.059300 ms)

AssetImportParameters requested are different than current active one (requested -> active):
  custom:framework-win-MediaFoundation: 216162199b28c13a410421893ffa2e32 -> 
  custom:video-decoder-ogg-theora: a1e56fd34408186e4bbccfd4996cb3dc -> 
  custom:container-muxer-webm: aa71ff27fc2769a1b78a27578f13a17b -> 
  custom:container-demuxer-webm: 4f35f7cbe854078d1ac9338744f61a02 -> 
  custom:container-demuxer-ogg: 62fdf1f143b41e24485cea50d1cbac27 -> 
  custom:video-encoder-webm-vp8: eb34c28f22e8b96e1ab97ce403110664 -> 
  custom:video-decoder-webm-vp8: 9c59270c3fd7afecdb556c50c9e8de78 -> 
  custom:graphics/normal-map-encoding: 01000000000000000000000000000000 -> 02000000000000000000000000000000
  custom:audio-decoder-ogg-vorbis: bf7c407c2cedff20999df2af8eb42d56 -> 
  custom:audio-encoder-webm-vorbis: bf7c407c2cedff20999df2af8eb42d56 -> 
========================================================================
Received Prepare
Registering precompiled user dll's ...
Registered in 0.005181 seconds.
Begin MonoManager ReloadAssembly
Native extension for WindowsStandalone target not found
Refreshing native plugins compatible for Editor in 0.58 ms, found 6 plugins.
Preloading 0 native plugins for Editor in 0.00 ms.
Mono: successfully reloaded assembly
- Completed reload, in  1.090 seconds
Domain Reload Profiling:
	ReloadAssembly (1090ms)
		BeginReloadAssembly (114ms)
			ExecutionOrderSort (0ms)
			DisableScriptedObjects (5ms)
			BackupInstance (0ms)
			ReleaseScriptingObjects (0ms)
			CreateAndSetChildDomain (33ms)
		EndReloadAssembly (920ms)
			LoadAssemblies (85ms)
			RebuildTransferFunctionScriptingTraits (0ms)
			SetupTypeCache (267ms)
			ReleaseScriptCaches (1ms)
			RebuildScriptCaches (40ms)
			SetupLoadedEditorAssemblies (384ms)
				LogAssemblyErrors (0ms)
				InitializePlatformSupportModulesInManaged (4ms)
				SetLoadedEditorAssemblies (0ms)
				RefreshPlugins (1ms)
				BeforeProcessingInitializeOnLoad (76ms)
				ProcessInitializeOnLoadAttributes (293ms)
				ProcessInitializeOnLoadMethodAttributes (6ms)
				AfterProcessingInitializeOnLoad (5ms)
				EditorAssembliesLoaded (0ms)
			ExecutionOrderSort2 (0ms)
			AwakeInstancesAfterBackupRestoration (10ms)
Platform modules already initialized, skipping
Switching build target platform(19) subTarget(0) extendedPlatform(0) -> platform(13) subTarget(537395200) extendedPlatform(0)
Refreshing native plugins compatible for Editor in 0.58 ms, found 6 plugins.
Preloading 0 native plugins for Editor in 0.00 ms.
Unloading 2160 Unused Serialized files (Serialized files now loaded: 0)
System memory in use before: 95.0 MB.
System memory in use after: 95.1 MB.

Unloading 80 unused Assets to reduce memory usage. Loaded Objects now: 2574.
Total: 3.373200 ms (FindLiveObjects: 0.196600 ms CreateObjectMapping: 0.072300 ms MarkObjects: 3.071500 ms  DeleteObjects: 0.031700 ms)

AssetImportParameters requested are different than current active one (requested -> active):
  custom:framework-win-MediaFoundation: 216162199b28c13a410421893ffa2e32 -> 
  custom:video-decoder-ogg-theora: a1e56fd34408186e4bbccfd4996cb3dc -> 
  custom:container-muxer-webm: aa71ff27fc2769a1b78a27578f13a17b -> 
  custom:container-demuxer-webm: 4f35f7cbe854078d1ac9338744f61a02 -> 
  custom:container-demuxer-ogg: 62fdf1f143b41e24485cea50d1cbac27 -> 
  custom:video-encoder-webm-vp8: eb34c28f22e8b96e1ab97ce403110664 -> 
  custom:video-decoder-webm-vp8: 9c59270c3fd7afecdb556c50c9e8de78 -> 
  custom:graphics/normal-map-encoding: 01000000000000000000000000000000 -> 02000000000000000000000000000000
  custom:audio-decoder-ogg-vorbis: bf7c407c2cedff20999df2af8eb42d56 -> 
  custom:audio-encoder-webm-vorbis: bf7c407c2cedff20999df2af8eb42d56 -> 
========================================================================
Received Prepare
Registering precompiled user dll's ...
Registered in 0.003968 seconds.
Begin MonoManager ReloadAssembly
Error: Could not load signature of Firebase.Editor.GenerateXmlFromGoogleServicesJson:OnBundleIdChanged due to: Could not load file or assembly 'Google.JarResolver, Version=1.2.0.0, Culture=neutral, PublicKeyToken=null' or one of its dependencies. assembly:Google.JarResolver, Version=1.2.0.0, Culture=neutral, PublicKeyToken=null type:<unknown type> member:(null) signature:<none>
Unloading broken assembly Assets/Firebase/Editor/Firebase.Editor.dll, this assembly can cause crashes in the runtime
Native extension for WindowsStandalone target not found
Refreshing native plugins compatible for Editor in 0.55 ms, found 6 plugins.
Preloading 0 native plugins for Editor in 0.00 ms.
System.IO.FileNotFoundException: Could not load file or assembly 'Google.JarResolver, Version=1.2.0.0, Culture=neutral, PublicKeyToken=null' or one of its dependencies.
File name: 'Google.JarResolver, Version=1.2.0.0, Culture=neutral, PublicKeyToken=null'
  at Firebase.Editor.AndroidSettingsChecker..cctor () [0x0000c] in Z:\tmp\tmp.9FxcwNnGto\firebase\app\client\unity\editor\src\AndroidAPILevelChecker.cs:37 
UnityEngine.StackTraceUtility:ExtractStackTrace ()
UnityEngine.DebugLogHandler:LogFormat (UnityEngine.LogType,UnityEngine.Object,string,object[])
UnityEngine.Logger:Log (UnityEngine.LogType,object)
UnityEngine.Debug:LogError (object)
UnityEditor.EditorAssemblies:ProcessInitializeOnLoadAttributes (System.Type[])

Mono: successfully reloaded assembly
FileNotFoundException: Could not load file or assembly 'Google.JarResolver, Version=1.2.0.0, Culture=neutral, PublicKeyToken=null' or one of its dependencies.
  at Firebase.Editor.AndroidSettingsChecker..cctor () [0x0000c] in Z:\tmp\tmp.9FxcwNnGto\firebase\app\client\unity\editor\src\AndroidAPILevelChecker.cs:37 
Rethrow as TypeInitializationException: The type initializer for 'Firebase.Editor.AndroidSettingsChecker' threw an exception.
  at (wrapper managed-to-native) System.Reflection.MonoCMethod.InternalInvoke(System.Reflection.MonoCMethod,object,object[],System.Exception&)
  at System.Reflection.MonoCMethod.InternalInvoke (System.Object obj, System.Object[] parameters) [0x00002] in <695d1cc93cca45069c528c15c9fdd749>:0 
Rethrow as TargetInvocationException: Exception has been thrown by the target of an invocation.
  at System.Reflection.MonoCMethod.InternalInvoke (System.Object obj, System.Object[] parameters) [0x00014] in <695d1cc93cca45069c528c15c9fdd749>:0 
  at System.RuntimeType.CreateInstanceMono (System.Boolean nonPublic) [0x000a8] in <695d1cc93cca45069c528c15c9fdd749>:0 
  at System.RuntimeType.CreateInstanceSlow (System.Boolean publicOnly, System.Boolean skipCheckThis, System.Boolean fillCache, System.Threading.StackCrawlMark& stackMark) [0x00009] in <695d1cc93cca45069c528c15c9fdd749>:0 
  at System.RuntimeType.CreateInstanceDefaultCtor (System.Boolean publicOnly, System.Boolean skipCheckThis, System.Boolean fillCache, System.Threading.StackCrawlMark& stackMark) [0x00027] in <695d1cc93cca45069c528c15c9fdd749>:0 
  at System.Activator.CreateInstance (System.Type type, System.Boolean nonPublic) [0x00020] in <695d1cc93cca45069c528c15c9fdd749>:0 
  at System.Activator.CreateInstance (System.Type type) [0x00000] in <695d1cc93cca45069c528c15c9fdd749>:0 
  at UnityEditor.AssetPostprocessingInternal.GetMeshProcessorsHashString () [0x00035] in <97ba64834c8f4edc84e3d8e30b04f122>:0 
UnityEngine.DebugLogHandler:Internal_LogException(Exception, Object)
UnityEngine.DebugLogHandler:LogException(Exception, Object)
UnityEngine.Logger:LogException(Exception, Object)
UnityEngine.Debug:LogException(Exception)
UnityEditor.AssetPostprocessingInternal:GetMeshProcessorsHashString()

(Filename: Z:/tmp/tmp.9FxcwNnGto/firebase/app/client/unity/editor/src/AndroidAPILevelChecker.cs Line: 37)

TypeLoadException: Could not load type of field 'Firebase.Editor.GenerateXmlFromGoogleServicesJson:<>f__mg$cache0' (17) due to: Could not load file or assembly 'Google.JarResolver, Version=1.2.0.0, Culture=neutral, PublicKeyToken=null' or one of its dependencies. assembly:Google.JarResolver, Version=1.2.0.0, Culture=neutral, PublicKeyToken=null type:<unknown type> member:(null) signature:<none>
  at (wrapper managed-to-native) System.RuntimeType.GetConstructors_native(System.RuntimeType,System.Reflection.BindingFlags)
  at System.RuntimeType.GetConstructors_internal (System.Reflection.BindingFlags bindingAttr, System.RuntimeType reflectedType) [0x00008] in <695d1cc93cca45069c528c15c9fdd749>:0 
  at System.RuntimeType.GetConstructorCandidates (System.String name, System.Reflection.BindingFlags bindingAttr, System.Reflection.CallingConventions callConv, System.Type[] types, System.Boolean allowPrefixLookup) [0x00034] in <695d1cc93cca45069c528c15c9fdd749>:0 
  at System.RuntimeType.GetConstructors (System.Reflection.BindingFlags bindingAttr) [0x00000] in <695d1cc93cca45069c528c15c9fdd749>:0 
  at System.RuntimeType.GetDefaultConstructor () [0x0002c] in <695d1cc93cca45069c528c15c9fdd749>:0 
  at System.RuntimeType.CreateInstanceMono (System.Boolean nonPublic) [0x00000] in <695d1cc93cca45069c528c15c9fdd749>:0 
  at System.RuntimeType.CreateInstanceSlow (System.Boolean publicOnly, System.Boolean skipCheckThis, System.Boolean fillCache, System.Threading.StackCrawlMark& stackMark) [0x00009] in <695d1cc93cca45069c528c15c9fdd749>:0 
  at System.RuntimeType.CreateInstanceDefaultCtor (System.Boolean publicOnly, System.Boolean skipCheckThis, System.Boolean fillCache, System.Threading.StackCrawlMark& stackMark) [0x00027] in <695d1cc93cca45069c528c15c9fdd749>:0 
  at System.Activator.CreateInstance (System.Type type, System.Boolean nonPublic) [0x00020] in <695d1cc93cca45069c528c15c9fdd749>:0 
  at System.Activator.CreateInstance (System.Type type) [0x00000] in <695d1cc93cca45069c528c15c9fdd749>:0 
  at UnityEditor.AssetPostprocessingInternal.GetMeshProcessorsHashString () [0x00035] in <97ba64834c8f4edc84e3d8e30b04f122>:0 
UnityEngine.DebugLogHandler:Internal_LogException(Exception, Object)
UnityEngine.DebugLogHandler:LogException(Exception, Object)
UnityEngine.Logger:LogException(Exception, Object)
UnityEngine.Debug:LogException(Exception)
UnityEditor.AssetPostprocessingInternal:GetMeshProcessorsHashString()

FileNotFoundException: Could not load file or assembly 'Google.JarResolver, Version=1.2.0.0, Culture=neutral, PublicKeyToken=null' or one of its dependencies.
  at Firebase.Editor.AndroidSettingsChecker..cctor () [0x0000c] in Z:\tmp\tmp.9FxcwNnGto\firebase\app\client\unity\editor\src\AndroidAPILevelChecker.cs:37 
Rethrow as TypeInitializationException: The type initializer for 'Firebase.Editor.AndroidSettingsChecker' threw an exception.
  at (wrapper managed-to-native) System.Reflection.MonoCMethod.InternalInvoke(System.Reflection.MonoCMethod,object,object[],System.Exception&)
  at System.Reflection.MonoCMethod.InternalInvoke (System.Object obj, System.Object[] parameters) [0x00002] in <695d1cc93cca45069c528c15c9fdd749>:0 
Rethrow as TargetInvocationException: Exception has been thrown by the target of an invocation.
  at System.Reflection.MonoCMethod.InternalInvoke (System.Object obj, System.Object[] parameters) [0x00014] in <695d1cc93cca45069c528c15c9fdd749>:0 
  at System.RuntimeType.CreateInstanceMono (System.Boolean nonPublic) [0x000a8] in <695d1cc93cca45069c528c15c9fdd749>:0 
  at System.RuntimeType.CreateInstanceSlow (System.Boolean publicOnly, System.Boolean skipCheckThis, System.Boolean fillCache, System.Threading.StackCrawlMark& stackMark) [0x00009] in <695d1cc93cca45069c528c15c9fdd749>:0 
  at System.RuntimeType.CreateInstanceDefaultCtor (System.Boolean publicOnly, System.Boolean skipCheckThis, System.Boolean fillCache, System.Threading.StackCrawlMark& stackMark) [0x00027] in <695d1cc93cca45069c528c15c9fdd749>:0 
  at System.Activator.CreateInstance (System.Type type, System.Boolean nonPublic) [0x00020] in <695d1cc93cca45069c528c15c9fdd749>:0 
  at System.Activator.CreateInstance (System.Type type) [0x00000] in <695d1cc93cca45069c528c15c9fdd749>:0 
  at UnityEditor.AssetPostprocessingInternal.GetTextureProcessorsHashString () [0x00035] in <97ba64834c8f4edc84e3d8e30b04f122>:0 
UnityEngine.DebugLogHandler:Internal_LogException(Exception, Object)
UnityEngine.DebugLogHandler:LogException(Exception, Object)
UnityEngine.Logger:LogException(Exception, Object)
UnityEngine.Debug:LogException(Exception)
UnityEditor.AssetPostprocessingInternal:GetTextureProcessorsHashString()

(Filename: Z:/tmp/tmp.9FxcwNnGto/firebase/app/client/unity/editor/src/AndroidAPILevelChecker.cs Line: 37)

TypeLoadException: Could not load type of field 'Firebase.Editor.GenerateXmlFromGoogleServicesJson:<>f__mg$cache0' (17) due to: Could not load file or assembly 'Google.JarResolver, Version=1.2.0.0, Culture=neutral, PublicKeyToken=null' or one of its dependencies. assembly:Google.JarResolver, Version=1.2.0.0, Culture=neutral, PublicKeyToken=null type:<unknown type> member:(null) signature:<none>
  at (wrapper managed-to-native) System.RuntimeType.GetConstructors_native(System.RuntimeType,System.Reflection.BindingFlags)
  at System.RuntimeType.GetConstructors_internal (System.Reflection.BindingFlags bindingAttr, System.RuntimeType reflectedType) [0x00008] in <695d1cc93cca45069c528c15c9fdd749>:0 
  at System.RuntimeType.GetConstructorCandidates (System.String name, System.Reflection.BindingFlags bindingAttr, System.Reflection.CallingConventions callConv, System.Type[] types, System.Boolean allowPrefixLookup) [0x00034] in <695d1cc93cca45069c528c15c9fdd749>:0 
  at System.RuntimeType.GetConstructors (System.Reflection.BindingFlags bindingAttr) [0x00000] in <695d1cc93cca45069c528c15c9fdd749>:0 
  at System.RuntimeType.GetDefaultConstructor () [0x0002c] in <695d1cc93cca45069c528c15c9fdd749>:0 
  at System.RuntimeType.CreateInstanceMono (System.Boolean nonPublic) [0x00000] in <695d1cc93cca45069c528c15c9fdd749>:0 
  at System.RuntimeType.CreateInstanceSlow (System.Boolean publicOnly, System.Boolean skipCheckThis, System.Boolean fillCache, System.Threading.StackCrawlMark& stackMark) [0x00009] in <695d1cc93cca45069c528c15c9fdd749>:0 
  at System.RuntimeType.CreateInstanceDefaultCtor (System.Boolean publicOnly, System.Boolean skipCheckThis, System.Boolean fillCache, System.Threading.StackCrawlMark& stackMark) [0x00027] in <695d1cc93cca45069c528c15c9fdd749>:0 
  at System.Activator.CreateInstance (System.Type type, System.Boolean nonPublic) [0x00020] in <695d1cc93cca45069c528c15c9fdd749>:0 
  at System.Activator.CreateInstance (System.Type type) [0x00000] in <695d1cc93cca45069c528c15c9fdd749>:0 
  at UnityEditor.AssetPostprocessingInternal.GetTextureProcessorsHashString () [0x00035] in <97ba64834c8f4edc84e3d8e30b04f122>:0 
UnityEngine.DebugLogHandler:Internal_LogException(Exception, Object)
UnityEngine.DebugLogHandler:LogException(Exception, Object)
UnityEngine.Logger:LogException(Exception, Object)
UnityEngine.Debug:LogException(Exception)
UnityEditor.AssetPostprocessingInternal:GetTextureProcessorsHashString()

FileNotFoundException: Could not load file or assembly 'Google.JarResolver, Version=1.2.0.0, Culture=neutral, PublicKeyToken=null' or one of its dependencies.
  at Firebase.Editor.AndroidSettingsChecker..cctor () [0x0000c] in Z:\tmp\tmp.9FxcwNnGto\firebase\app\client\unity\editor\src\AndroidAPILevelChecker.cs:37 
Rethrow as TypeInitializationException: The type initializer for 'Firebase.Editor.AndroidSettingsChecker' threw an exception.
  at (wrapper managed-to-native) System.Reflection.MonoCMethod.InternalInvoke(System.Reflection.MonoCMethod,object,object[],System.Exception&)
  at System.Reflection.MonoCMethod.InternalInvoke (System.Object obj, System.Object[] parameters) [0x00002] in <695d1cc93cca45069c528c15c9fdd749>:0 
Rethrow as TargetInvocationException: Exception has been thrown by the target of an invocation.
  at System.Reflection.MonoCMethod.InternalInvoke (System.Object obj, System.Object[] parameters) [0x00014] in <695d1cc93cca45069c528c15c9fdd749>:0 
  at System.RuntimeType.CreateInstanceMono (System.Boolean nonPublic) [0x000a8] in <695d1cc93cca45069c528c15c9fdd749>:0 
  at System.RuntimeType.CreateInstanceSlow (System.Boolean publicOnly, System.Boolean skipCheckThis, System.Boolean fillCache, System.Threading.StackCrawlMark& stackMark) [0x00009] in <695d1cc93cca45069c528c15c9fdd749>:0 
  at System.RuntimeType.CreateInstanceDefaultCtor (System.Boolean publicOnly, System.Boolean skipCheckThis, System.Boolean fillCache, System.Threading.StackCrawlMark& stackMark) [0x00027] in <695d1cc93cca45069c528c15c9fdd749>:0 
  at System.Activator.CreateInstance (System.Type type, System.Boolean nonPublic) [0x00020] in <695d1cc93cca45069c528c15c9fdd749>:0 
  at System.Activator.CreateInstance (System.Type type) [0x00000] in <695d1cc93cca45069c528c15c9fdd749>:0 
  at UnityEditor.AssetPostprocessingInternal.GetAudioProcessorsHashString () [0x00035] in <97ba64834c8f4edc84e3d8e30b04f122>:0 
UnityEngine.DebugLogHandler:Internal_LogException(Exception, Object)
UnityEngine.DebugLogHandler:LogException(Exception, Object)
UnityEngine.Logger:LogException(Exception, Object)
UnityEngine.Debug:LogException(Exception)
UnityEditor.AssetPostprocessingInternal:GetAudioProcessorsHashString()

(Filename: Z:/tmp/tmp.9FxcwNnGto/firebase/app/client/unity/editor/src/AndroidAPILevelChecker.cs Line: 37)

TypeLoadException: Could not load type of field 'Firebase.Editor.GenerateXmlFromGoogleServicesJson:<>f__mg$cache0' (17) due to: Could not load file or assembly 'Google.JarResolver, Version=1.2.0.0, Culture=neutral, PublicKeyToken=null' or one of its dependencies. assembly:Google.JarResolver, Version=1.2.0.0, Culture=neutral, PublicKeyToken=null type:<unknown type> member:(null) signature:<none>
  at (wrapper managed-to-native) System.RuntimeType.GetConstructors_native(System.RuntimeType,System.Reflection.BindingFlags)
  at System.RuntimeType.GetConstructors_internal (System.Reflection.BindingFlags bindingAttr, System.RuntimeType reflectedType) [0x00008] in <695d1cc93cca45069c528c15c9fdd749>:0 
  at System.RuntimeType.GetConstructorCandidates (System.String name, System.Reflection.BindingFlags bindingAttr, System.Reflection.CallingConventions callConv, System.Type[] types, System.Boolean allowPrefixLookup) [0x00034] in <695d1cc93cca45069c528c15c9fdd749>:0 
  at System.RuntimeType.GetConstructors (System.Reflection.BindingFlags bindingAttr) [0x00000] in <695d1cc93cca45069c528c15c9fdd749>:0 
  at System.RuntimeType.GetDefaultConstructor () [0x0002c] in <695d1cc93cca45069c528c15c9fdd749>:0 
  at System.RuntimeType.CreateInstanceMono (System.Boolean nonPublic) [0x00000] in <695d1cc93cca45069c528c15c9fdd749>:0 
  at System.RuntimeType.CreateInstanceSlow (System.Boolean publicOnly, System.Boolean skipCheckThis, System.Boolean fillCache, System.Threading.StackCrawlMark& stackMark) [0x00009] in <695d1cc93cca45069c528c15c9fdd749>:0 
  at System.RuntimeType.CreateInstanceDefaultCtor (System.Boolean publicOnly, System.Boolean skipCheckThis, System.Boolean fillCache, System.Threading.StackCrawlMark& stackMark) [0x00027] in <695d1cc93cca45069c528c15c9fdd749>:0 
  at System.Activator.CreateInstance (System.Type type, System.Boolean nonPublic) [0x00020] in <695d1cc93cca45069c528c15c9fdd749>:0 
  at System.Activator.CreateInstance (System.Type type) [0x00000] in <695d1cc93cca45069c528c15c9fdd749>:0 
  at UnityEditor.AssetPostprocessingInternal.GetAudioProcessorsHashString () [0x00035] in <97ba64834c8f4edc84e3d8e30b04f122>:0 
UnityEngine.DebugLogHandler:Internal_LogException(Exception, Object)
UnityEngine.DebugLogHandler:LogException(Exception, Object)
UnityEngine.Logger:LogException(Exception, Object)
UnityEngine.Debug:LogException(Exception)
UnityEditor.AssetPostprocessingInternal:GetAudioProcessorsHashString()

FileNotFoundException: Could not load file or assembly 'Google.JarResolver, Version=1.2.0.0, Culture=neutral, PublicKeyToken=null' or one of its dependencies.
  at Firebase.Editor.AndroidSettingsChecker..cctor () [0x0000c] in Z:\tmp\tmp.9FxcwNnGto\firebase\app\client\unity\editor\src\AndroidAPILevelChecker.cs:37 
Rethrow as TypeInitializationException: The type initializer for 'Firebase.Editor.AndroidSettingsChecker' threw an exception.
  at (wrapper managed-to-native) System.Reflection.MonoCMethod.InternalInvoke(System.Reflection.MonoCMethod,object,object[],System.Exception&)
  at System.Reflection.MonoCMethod.InternalInvoke (System.Object obj, System.Object[] parameters) [0x00002] in <695d1cc93cca45069c528c15c9fdd749>:0 
Rethrow as TargetInvocationException: Exception has been thrown by the target of an invocation.
  at System.Reflection.MonoCMethod.InternalInvoke (System.Object obj, System.Object[] parameters) [0x00014] in <695d1cc93cca45069c528c15c9fdd749>:0 
  at System.RuntimeType.CreateInstanceMono (System.Boolean nonPublic) [0x000a8] in <695d1cc93cca45069c528c15c9fdd749>:0 
  at System.RuntimeType.CreateInstanceSlow (System.Boolean publicOnly, System.Boolean skipCheckThis, System.Boolean fillCache, System.Threading.StackCrawlMark& stackMark) [0x00009] in <695d1cc93cca45069c528c15c9fdd749>:0 
  at System.RuntimeType.CreateInstanceDefaultCtor (System.Boolean publicOnly, System.Boolean skipCheckThis, System.Boolean fillCache, System.Threading.StackCrawlMark& stackMark) [0x00027] in <695d1cc93cca45069c528c15c9fdd749>:0 
  at System.Activator.CreateInstance (System.Type type, System.Boolean nonPublic) [0x00020] in <695d1cc93cca45069c528c15c9fdd749>:0 
  at System.Activator.CreateInstance (System.Type type) [0x00000] in <695d1cc93cca45069c528c15c9fdd749>:0 
  at UnityEditor.AssetPostprocessingInternal.GetSpeedTreeProcessorsHashString () [0x00035] in <97ba64834c8f4edc84e3d8e30b04f122>:0 
UnityEngine.DebugLogHandler:Internal_LogException(Exception, Object)
UnityEngine.DebugLogHandler:LogException(Exception, Object)
UnityEngine.Logger:LogException(Exception, Object)
UnityEngine.Debug:LogException(Exception)
UnityEditor.AssetPostprocessingInternal:GetSpeedTreeProcessorsHashString()

(Filename: Z:/tmp/tmp.9FxcwNnGto/firebase/app/client/unity/editor/src/AndroidAPILevelChecker.cs Line: 37)

TypeLoadException: Could not load type of field 'Firebase.Editor.GenerateXmlFromGoogleServicesJson:<>f__mg$cache0' (17) due to: Could not load file or assembly 'Google.JarResolver, Version=1.2.0.0, Culture=neutral, PublicKeyToken=null' or one of its dependencies. assembly:Google.JarResolver, Version=1.2.0.0, Culture=neutral, PublicKeyToken=null type:<unknown type> member:(null) signature:<none>
  at (wrapper managed-to-native) System.RuntimeType.GetConstructors_native(System.RuntimeType,System.Reflection.BindingFlags)
  at System.RuntimeType.GetConstructors_internal (System.Reflection.BindingFlags bindingAttr, System.RuntimeType reflectedType) [0x00008] in <695d1cc93cca45069c528c15c9fdd749>:0 
  at System.RuntimeType.GetConstructorCandidates (System.String name, System.Reflection.BindingFlags bindingAttr, System.Reflection.CallingConventions callConv, System.Type[] types, System.Boolean allowPrefixLookup) [0x00034] in <695d1cc93cca45069c528c15c9fdd749>:0 
  at System.RuntimeType.GetConstructors (System.Reflection.BindingFlags bindingAttr) [0x00000] in <695d1cc93cca45069c528c15c9fdd749>:0 
  at System.RuntimeType.GetDefaultConstructor () [0x0002c] in <695d1cc93cca45069c528c15c9fdd749>:0 
  at System.RuntimeType.CreateInstanceMono (System.Boolean nonPublic) [0x00000] in <695d1cc93cca45069c528c15c9fdd749>:0 
  at System.RuntimeType.CreateInstanceSlow (System.Boolean publicOnly, System.Boolean skipCheckThis, System.Boolean fillCache, System.Threading.StackCrawlMark& stackMark) [0x00009] in <695d1cc93cca45069c528c15c9fdd749>:0 
  at System.RuntimeType.CreateInstanceDefaultCtor (System.Boolean publicOnly, System.Boolean skipCheckThis, System.Boolean fillCache, System.Threading.StackCrawlMark& stackMark) [0x00027] in <695d1cc93cca45069c528c15c9fdd749>:0 
  at System.Activator.CreateInstance (System.Type type, System.Boolean nonPublic) [0x00020] in <695d1cc93cca45069c528c15c9fdd749>:0 
  at System.Activator.CreateInstance (System.Type type) [0x00000] in <695d1cc93cca45069c528c15c9fdd749>:0 
  at UnityEditor.AssetPostprocessingInternal.GetSpeedTreeProcessorsHashString () [0x00035] in <97ba64834c8f4edc84e3d8e30b04f122>:0 
UnityEngine.DebugLogHandler:Internal_LogException(Exception, Object)
UnityEngine.DebugLogHandler:LogException(Exception, Object)
UnityEngine.Logger:LogException(Exception, Object)
UnityEngine.Debug:LogException(Exception)
UnityEditor.AssetPostprocessingInternal:GetSpeedTreeProcessorsHashString()

FileNotFoundException: Could not load file or assembly 'Google.JarResolver, Version=1.2.0.0, Culture=neutral, PublicKeyToken=null' or one of its dependencies.
  at Firebase.Editor.AndroidSettingsChecker..cctor () [0x0000c] in Z:\tmp\tmp.9FxcwNnGto\firebase\app\client\unity\editor\src\AndroidAPILevelChecker.cs:37 
Rethrow as TypeInitializationException: The type initializer for 'Firebase.Editor.AndroidSettingsChecker' threw an exception.
  at (wrapper managed-to-native) System.Reflection.MonoCMethod.InternalInvoke(System.Reflection.MonoCMethod,object,object[],System.Exception&)
  at System.Reflection.MonoCMethod.InternalInvoke (System.Object obj, System.Object[] parameters) [0x00002] in <695d1cc93cca45069c528c15c9fdd749>:0 
Rethrow as TargetInvocationException: Exception has been thrown by the target of an invocation.
  at System.Reflection.MonoCMethod.InternalInvoke (System.Object obj, System.Object[] parameters) [0x00014] in <695d1cc93cca45069c528c15c9fdd749>:0 
  at System.RuntimeType.CreateInstanceMono (System.Boolean nonPublic) [0x000a8] in <695d1cc93cca45069c528c15c9fdd749>:0 
  at System.RuntimeType.CreateInstanceSlow (System.Boolean publicOnly, System.Boolean skipCheckThis, System.Boolean fillCache, System.Threading.StackCrawlMark& stackMark) [0x00009] in <695d1cc93cca45069c528c15c9fdd749>:0 
  at System.RuntimeType.CreateInstanceDefaultCtor (System.Boolean publicOnly, System.Boolean skipCheckThis, System.Boolean fillCache, System.Threading.StackCrawlMark& stackMark) [0x00027] in <695d1cc93cca45069c528c15c9fdd749>:0 
  at System.Activator.CreateInstance (System.Type type, System.Boolean nonPublic) [0x00020] in <695d1cc93cca45069c528c15c9fdd749>:0 
  at System.Activator.CreateInstance (System.Type type) [0x00000] in <695d1cc93cca45069c528c15c9fdd749>:0 
  at UnityEditor.AssetPostprocessingInternal.GetPrefabProcessorsHashString () [0x00035] in <97ba64834c8f4edc84e3d8e30b04f122>:0 
UnityEngine.DebugLogHandler:Internal_LogException(Exception, Object)
UnityEngine.DebugLogHandler:LogException(Exception, Object)
UnityEngine.Logger:LogException(Exception, Object)
UnityEngine.Debug:LogException(Exception)
UnityEditor.AssetPostprocessingInternal:GetPrefabProcessorsHashString()

(Filename: Z:/tmp/tmp.9FxcwNnGto/firebase/app/client/unity/editor/src/AndroidAPILevelChecker.cs Line: 37)

TypeLoadException: Could not load type of field 'Firebase.Editor.GenerateXmlFromGoogleServicesJson:<>f__mg$cache0' (17) due to: Could not load file or assembly 'Google.JarResolver, Version=1.2.0.0, Culture=neutral, PublicKeyToken=null' or one of its dependencies. assembly:Google.JarResolver, Version=1.2.0.0, Culture=neutral, PublicKeyToken=null type:<unknown type> member:(null) signature:<none>
  at (wrapper managed-to-native) System.RuntimeType.GetConstructors_native(System.RuntimeType,System.Reflection.BindingFlags)
  at System.RuntimeType.GetConstructors_internal (System.Reflection.BindingFlags bindingAttr, System.RuntimeType reflectedType) [0x00008] in <695d1cc93cca45069c528c15c9fdd749>:0 
  at System.RuntimeType.GetConstructorCandidates (System.String name, System.Reflection.BindingFlags bindingAttr, System.Reflection.CallingConventions callConv, System.Type[] types, System.Boolean allowPrefixLookup) [0x00034] in <695d1cc93cca45069c528c15c9fdd749>:0 
  at System.RuntimeType.GetConstructors (System.Reflection.BindingFlags bindingAttr) [0x00000] in <695d1cc93cca45069c528c15c9fdd749>:0 
  at System.RuntimeType.GetDefaultConstructor () [0x0002c] in <695d1cc93cca45069c528c15c9fdd749>:0 
  at System.RuntimeType.CreateInstanceMono (System.Boolean nonPublic) [0x00000] in <695d1cc93cca45069c528c15c9fdd749>:0 
  at System.RuntimeType.CreateInstanceSlow (System.Boolean publicOnly, System.Boolean skipCheckThis, System.Boolean fillCache, System.Threading.StackCrawlMark& stackMark) [0x00009] in <695d1cc93cca45069c528c15c9fdd749>:0 
  at System.RuntimeType.CreateInstanceDefaultCtor (System.Boolean publicOnly, System.Boolean skipCheckThis, System.Boolean fillCache, System.Threading.StackCrawlMark& stackMark) [0x00027] in <695d1cc93cca45069c528c15c9fdd749>:0 
  at System.Activator.CreateInstance (System.Type type, System.Boolean nonPublic) [0x00020] in <695d1cc93cca45069c528c15c9fdd749>:0 
  at System.Activator.CreateInstance (System.Type type) [0x00000] in <695d1cc93cca45069c528c15c9fdd749>:0 
  at UnityEditor.AssetPostprocessingInternal.GetPrefabProcessorsHashString () [0x00035] in <97ba64834c8f4edc84e3d8e30b04f122>:0 
UnityEngine.DebugLogHandler:Internal_LogException(Exception, Object)
UnityEngine.DebugLogHandler:LogException(Exception, Object)
UnityEngine.Logger:LogException(Exception, Object)
UnityEngine.Debug:LogException(Exception)
UnityEditor.AssetPostprocessingInternal:GetPrefabProcessorsHashString()

- Completed reload, in  1.005 seconds
Domain Reload Profiling:
	ReloadAssembly (1006ms)
		BeginReloadAssembly (121ms)
			ExecutionOrderSort (0ms)
			DisableScriptedObjects (5ms)
			BackupInstance (0ms)
			ReleaseScriptingObjects (0ms)
			CreateAndSetChildDomain (37ms)
		EndReloadAssembly (822ms)
			LoadAssemblies (99ms)
			RebuildTransferFunctionScriptingTraits (0ms)
			SetupTypeCache (267ms)
			ReleaseScriptCaches (1ms)
			RebuildScriptCaches (39ms)
			SetupLoadedEditorAssemblies (267ms)
				LogAssemblyErrors (0ms)
				InitializePlatformSupportModulesInManaged (4ms)
				SetLoadedEditorAssemblies (0ms)
				RefreshPlugins (1ms)
				BeforeProcessingInitializeOnLoad (74ms)
				ProcessInitializeOnLoadAttributes (177ms)
				ProcessInitializeOnLoadMethodAttributes (5ms)
				AfterProcessingInitializeOnLoad (6ms)
				EditorAssembliesLoaded (0ms)
			ExecutionOrderSort2 (0ms)
			AwakeInstancesAfterBackupRestoration (10ms)
Platform modules already initialized, skipping
Switching build target platform(19) subTarget(0) extendedPlatform(0) -> platform(13) subTarget(537395200) extendedPlatform(0)
Refreshing native plugins compatible for Editor in 0.55 ms, found 6 plugins.
Preloading 0 native plugins for Editor in 0.00 ms.
Unloading 2116 Unused Serialized files (Serialized files now loaded: 0)
System memory in use before: 94.0 MB.
System memory in use after: 94.1 MB.

Unloading 36 unused Assets to reduce memory usage. Loaded Objects now: 2577.
Total: 3.227800 ms (FindLiveObjects: 0.226300 ms CreateObjectMapping: 0.070100 ms MarkObjects: 2.908800 ms  DeleteObjects: 0.021800 ms)

AssetImportParameters requested are different than current active one (requested -> active):
  custom:framework-win-MediaFoundation: 216162199b28c13a410421893ffa2e32 -> 
  custom:video-decoder-ogg-theora: a1e56fd34408186e4bbccfd4996cb3dc -> 
  custom:container-muxer-webm: aa71ff27fc2769a1b78a27578f13a17b -> 
  custom:container-demuxer-webm: 4f35f7cbe854078d1ac9338744f61a02 -> 
  custom:container-demuxer-ogg: 62fdf1f143b41e24485cea50d1cbac27 -> 
  custom:video-encoder-webm-vp8: eb34c28f22e8b96e1ab97ce403110664 -> 
  custom:video-decoder-webm-vp8: 9c59270c3fd7afecdb556c50c9e8de78 -> 
  custom:graphics/normal-map-encoding: 01000000000000000000000000000000 -> 02000000000000000000000000000000
  custom:audio-decoder-ogg-vorbis: bf7c407c2cedff20999df2af8eb42d56 -> 
  custom:audio-encoder-webm-vorbis: bf7c407c2cedff20999df2af8eb42d56 -> 
AssetImportWorkerClient::OnTransportError - code=2 error=End of file
